<?xml version="1.0" encoding="UTF-8"?>
<!-- Generated by org.testng.reporters.JUnitXMLReporter -->
<testsuite ignored="0" hostname="LAPTOP-EQU6SNBM" failures="0" tests="8" name="Default test" time="0.06" errors="0" timestamp="2024-12-10T22:41:05 IST">
  <testcase classname="testNG.parallel.invocation.ParallelTestMethodExample" name="testCase" time="0.013"/>
  <testcase classname="testNG.parallel.invocation.ParallelTestMethodExample" name="testCase" time="0.013"/>
  <testcase classname="testNG.parallel.invocation.ParallelTestMethodExample" name="testCase" time="0.013"/>
  <testcase classname="testNG.parallel.invocation.ParallelTestMethodExample" name="testCase" time="0.013"/>
  <testcase classname="testNG.parallel.invocation.ParallelTestMethodExample" name="testCase" time="0.001"/>
  <testcase classname="testNG.parallel.invocation.ParallelTestMethodExample" name="testCase" time="0.002"/>
  <testcase classname="testNG.parallel.invocation.ParallelTestMethodExample" name="testCase" time="0.004"/>
  <testcase classname="testNG.parallel.invocation.ParallelTestMethodExample" name="testCase" time="0.003"/>
</testsuite> <!-- Default test -->
