<?xml version="1.0" encoding="UTF-8"?>
<!-- Generated by org.testng.reporters.JUnitXMLReporter -->
<testsuite ignored="0" hostname="LAPTOP-EQU6SNBM" failures="0" tests="3" name="Kowshik Test Cases" time="15.246" errors="0" timestamp="2024-11-26T15:22:15 IST">
  <testcase classname="testNG.listener.demo.OrangeHrmTestCases" name="login" time="6.424"/>
  <testcase classname="testNG.listener.demo.OrangeHrmTestCases" name="enterData" time="4.423"/>
  <testcase classname="testNG.listener.demo.OrangeHrmTestCases" name="logout" time="4.355"/>
</testsuite> <!-- Kowshik Test Cases -->
