<?xml version="1.0" encoding="UTF-8"?>
<!-- Generated by org.testng.reporters.JUnitXMLReporter -->
<testsuite ignored="0" hostname="LAPTOP-EQU6SNBM" failures="0" tests="3" name="Test" time="0.053" errors="0" timestamp="2024-11-18T16:05:48 IST">
  <testcase classname="testNG.annotation.demo.TestDemo" name="login" time="0.005"/>
  <testcase classname="testNG.annotation.demo.TestDemo" name="logout" time="0.002"/>
  <testcase classname="testNG.annotation.demo.TestDemo" name="search" time="0.002"/>
</testsuite> <!-- Test -->
