<?xml version="1.0" encoding="UTF-8"?>
<!-- Generated by org.testng.reporters.JUnitXMLReporter -->
<testsuite ignored="0" hostname="LAPTOP-EQU6SNBM" failures="0" tests="3" name="Test" time="13.872" errors="0" timestamp="2024-11-26T15:24:19 IST">
  <testcase classname="testNG.listener.demo.OrangeHrmTestCases" name="login" time="5.783"/>
  <testcase classname="testNG.listener.demo.OrangeHrmTestCases" name="enterData" time="3.755"/>
  <testcase classname="testNG.listener.demo.OrangeHrmTestCases" name="logout" time="4.289"/>
</testsuite> <!-- Test -->
