<?xml version="1.0" encoding="UTF-8"?>
<!-- Generated by org.testng.reporters.JUnitXMLReporter -->
<testsuite ignored="0" hostname="LAPTOP-EQU6SNBM" failures="0" tests="8" name="Parallel Classes Scenarios" time="0.077" errors="0" timestamp="2024-12-10T22:25:39 IST">
  <testcase classname="testNG.parallel.classes.ParallelClassesExample1" name="testCase1" time="0.018"/>
  <testcase classname="testNG.parallel.classes.ParallelClassesExample2" name="testCase5" time="0.019"/>
  <testcase classname="testNG.parallel.classes.ParallelClassesExample1" name="testCase2" time="0.003"/>
  <testcase classname="testNG.parallel.classes.ParallelClassesExample2" name="testCase6" time="0.001"/>
  <testcase classname="testNG.parallel.classes.ParallelClassesExample1" name="testCase3" time="0.003"/>
  <testcase classname="testNG.parallel.classes.ParallelClassesExample2" name="testCase7" time="0.002"/>
  <testcase classname="testNG.parallel.classes.ParallelClassesExample1" name="testCase4" time="0.002"/>
  <testcase classname="testNG.parallel.classes.ParallelClassesExample2" name="testCase8" time="0.002"/>
</testsuite> <!-- Parallel Classes Scenarios -->
