<?xml version="1.0" encoding="UTF-8"?>
<!-- Generated by org.testng.reporters.JUnitXMLReporter -->
<testsuite ignored="0" hostname="LAPTOP-EQU6SNBM" failures="0" tests="4" name="Testng_xml_demo" time="19.057" errors="0" timestamp="2024-11-13T16:31:57 IST">
  <testcase classname="testNG.demo.TestNG_XML_Demo" name="login" time="10.919"/>
  <testcase classname="testNG.demo.TestNG_XML_Demo" name="enterData" time="3.095"/>
  <testcase classname="testNG.demo.TestNG_XML_Demo" name="logout" time="4.894"/>
  <testcase classname="testNG.demo.TestNG_XML_Demo" name="closeBrowser" time="0.103"/>
</testsuite> <!-- Testng_xml_demo -->
