<?xml version="1.0" encoding="UTF-8"?>
<testng-results ignored="0" total="8" passed="8" failed="0" skipped="0">
  <reporter-output>
  </reporter-output>
  <suite started-at="2024-12-10T22:41:05 IST" name="Default suite" finished-at="2024-12-10T22:41:05 IST" duration-ms="60">
    <groups>
    </groups>
    <test started-at="2024-12-10T22:41:05 IST" name="Default test" finished-at="2024-12-10T22:41:05 IST" duration-ms="60">
      <class name="testNG.parallel.invocation.ParallelTestMethodExample">
        <test-method signature="testCase()[pri:0, instance:testNG.parallel.invocation.ParallelTestMethodExample@479d31f3]" started-at="2024-12-10T22:41:05 IST" name="testCase" finished-at="2024-12-10T22:41:05 IST" duration-ms="13" status="PASS">
          <reporter-output>
          </reporter-output>
        </test-method> <!-- testCase -->
        <test-method signature="testCase()[pri:0, instance:testNG.parallel.invocation.ParallelTestMethodExample@479d31f3]" started-at="2024-12-10T22:41:05 IST" name="testCase" finished-at="2024-12-10T22:41:05 IST" duration-ms="13" status="PASS">
          <reporter-output>
          </reporter-output>
        </test-method> <!-- testCase -->
        <test-method signature="testCase()[pri:0, instance:testNG.parallel.invocation.ParallelTestMethodExample@479d31f3]" started-at="2024-12-10T22:41:05 IST" name="testCase" finished-at="2024-12-10T22:41:05 IST" duration-ms="13" status="PASS">
          <reporter-output>
          </reporter-output>
        </test-method> <!-- testCase -->
        <test-method signature="testCase()[pri:0, instance:testNG.parallel.invocation.ParallelTestMethodExample@479d31f3]" started-at="2024-12-10T22:41:05 IST" name="testCase" finished-at="2024-12-10T22:41:05 IST" duration-ms="13" status="PASS">
          <reporter-output>
          </reporter-output>
        </test-method> <!-- testCase -->
        <test-method signature="testCase()[pri:0, instance:testNG.parallel.invocation.ParallelTestMethodExample@479d31f3]" started-at="2024-12-10T22:41:05 IST" name="testCase" finished-at="2024-12-10T22:41:05 IST" duration-ms="4" status="PASS">
          <reporter-output>
          </reporter-output>
        </test-method> <!-- testCase -->
        <test-method signature="testCase()[pri:0, instance:testNG.parallel.invocation.ParallelTestMethodExample@479d31f3]" started-at="2024-12-10T22:41:05 IST" name="testCase" finished-at="2024-12-10T22:41:05 IST" duration-ms="2" status="PASS">
          <reporter-output>
          </reporter-output>
        </test-method> <!-- testCase -->
        <test-method signature="testCase()[pri:0, instance:testNG.parallel.invocation.ParallelTestMethodExample@479d31f3]" started-at="2024-12-10T22:41:05 IST" name="testCase" finished-at="2024-12-10T22:41:05 IST" duration-ms="1" status="PASS">
          <reporter-output>
          </reporter-output>
        </test-method> <!-- testCase -->
        <test-method signature="testCase()[pri:0, instance:testNG.parallel.invocation.ParallelTestMethodExample@479d31f3]" started-at="2024-12-10T22:41:05 IST" name="testCase" finished-at="2024-12-10T22:41:05 IST" duration-ms="3" status="PASS">
          <reporter-output>
          </reporter-output>
        </test-method> <!-- testCase -->
      </class> <!-- testNG.parallel.invocation.ParallelTestMethodExample -->
    </test> <!-- Default test -->
  </suite> <!-- Default suite -->
</testng-results>
