<?xml version="1.0" encoding="UTF-8"?>
<testng-results ignored="0" total="3" passed="3" failed="0" skipped="0">
  <reporter-output>
  </reporter-output>
  <suite started-at="2024-11-18T16:05:48 IST" name="Suite" finished-at="2024-11-18T16:05:48 IST" duration-ms="53">
    <groups>
    </groups>
    <test started-at="2024-11-18T16:05:48 IST" name="Test" finished-at="2024-11-18T16:05:48 IST" duration-ms="53">
      <class name="testNG.annotation.demo.TestDemo">
        <test-method is-config="true" signature="openBrowser()[pri:0, instance:testNG.annotation.demo.TestDemo@9f116cc]" started-at="2024-11-18T16:05:48 IST" name="openBrowser" finished-at="2024-11-18T16:05:48 IST" duration-ms="5" status="PASS">
          <reporter-output>
          </reporter-output>
        </test-method> <!-- openBrowser -->
        <test-method signature="login()[pri:0, instance:testNG.annotation.demo.TestDemo@9f116cc]" started-at="2024-11-18T16:05:48 IST" name="login" finished-at="2024-11-18T16:05:48 IST" duration-ms="5" status="PASS">
          <reporter-output>
          </reporter-output>
        </test-method> <!-- login -->
        <test-method signature="logout()[pri:0, instance:testNG.annotation.demo.TestDemo@9f116cc]" started-at="2024-11-18T16:05:48 IST" name="logout" finished-at="2024-11-18T16:05:48 IST" duration-ms="2" status="PASS">
          <reporter-output>
          </reporter-output>
        </test-method> <!-- logout -->
        <test-method signature="search()[pri:0, instance:testNG.annotation.demo.TestDemo@9f116cc]" started-at="2024-11-18T16:05:48 IST" name="search" finished-at="2024-11-18T16:05:48 IST" duration-ms="2" status="PASS">
          <reporter-output>
          </reporter-output>
        </test-method> <!-- search -->
        <test-method is-config="true" signature="closingBrowser()[pri:0, instance:testNG.annotation.demo.TestDemo@9f116cc]" started-at="2024-11-18T16:05:48 IST" name="closingBrowser" finished-at="2024-11-18T16:05:48 IST" duration-ms="1" status="PASS">
          <reporter-output>
          </reporter-output>
        </test-method> <!-- closingBrowser -->
      </class> <!-- testNG.annotation.demo.TestDemo -->
    </test> <!-- Test -->
  </suite> <!-- Suite -->
</testng-results>
