<?xml version="1.0" encoding="UTF-8"?>
<!-- Generated by org.testng.reporters.JUnitXMLReporter -->
<testsuite ignored="0" hostname="LAPTOP-EQU6SNBM" failures="0" tests="4" name="Parallel Tests Scenarios1" time="0.062" errors="0" timestamp="2024-12-10T22:34:08 IST">
  <testcase classname="testNG.parallel.tests.ParallelClassesExample1" name="testCase1" time="0.014"/>
  <testcase classname="testNG.parallel.tests.ParallelClassesExample1" name="testCase2" time="0.002"/>
  <testcase classname="testNG.parallel.tests.ParallelClassesExample1" name="testCase3" time="0.002"/>
  <testcase classname="testNG.parallel.tests.ParallelClassesExample1" name="testCase4" time="0.002"/>
</testsuite> <!-- Parallel Tests Scenarios1 -->
