<?xml version="1.0" encoding="UTF-8"?>
<!-- Generated by org.testng.reporters.JUnitXMLReporter -->
<testsuite ignored="0" hostname="LAPTOP-EQU6SNBM" failures="0" tests="4" name="Parallel Test Scenarios" time="0.054" errors="0" timestamp="2024-12-10T22:16:57 IST">
  <testcase classname="testNG.parallel.methods.ParallelMethodsExample" name="testCase2" time="0.012"/>
  <testcase classname="testNG.parallel.methods.ParallelMethodsExample" name="testCase1" time="0.012"/>
  <testcase classname="testNG.parallel.methods.ParallelMethodsExample" name="testCase3" time="0.001"/>
  <testcase classname="testNG.parallel.methods.ParallelMethodsExample" name="testCase4" time="0.001"/>
</testsuite> <!-- Parallel Test Scenarios -->
