<?xml version="1.0" encoding="UTF-8"?>
<!-- Generated by org.testng.reporters.JUnitReportReporter -->
<testsuite hostname="LAPTOP-EQU6SNBM" failures="0" tests="4" name="testNG.demo.PriorityDemo" time="0.017" errors="0" timestamp="2024-11-13T12:26:39 IST" skipped="0">
  <testcase classname="testNG.demo.PriorityDemo" name="d" time="0.013"/>
  <system-out/>
  <testcase classname="testNG.demo.PriorityDemo" name="b" time="0.001"/>
  <system-out/>
  <testcase classname="testNG.demo.PriorityDemo" name="c" time="0.002"/>
  <system-out/>
  <testcase classname="testNG.demo.PriorityDemo" name="a" time="0.001"/>
  <system-out/>
</testsuite> <!-- testNG.demo.PriorityDemo -->
