<?xml version="1.0" encoding="UTF-8"?>
<!-- Generated by org.testng.reporters.JUnitXMLReporter -->
<testsuite ignored="0" hostname="LAPTOP-EQU6SNBM" failures="0" tests="3" name="Test" time="27.755" errors="0" timestamp="2024-11-18T12:47:59 IST">
  <testcase classname="testNG.listener.demo.OrangeHrmTestCases" name="login" time="12.342"/>
  <testcase classname="testNG.listener.demo.OrangeHrmTestCases" name="enterData" time="2.974"/>
  <testcase classname="testNG.listener.demo.OrangeHrmTestCases" name="logout" time="12.379"/>
</testsuite> <!-- Test -->
